CRITICAL - 2024-11-20 15:38:52 --> CodeIgniter\View\Exceptions\ViewException: Invalid file: "ususarios/show.php"
[Method: GET, Route: usuarios/1]
in SYSTEMPATH\Exceptions\FrameworkException.php on line 41.
 1 SYSTEMPATH\View\View.php(222): CodeIgniter\Exceptions\FrameworkException::forInvalidFile('ususarios/show.php')
 2 SYSTEMPATH\Common.php(1171): CodeIgniter\View\View->render('ususarios/show', [], true)
 3 APPPATH\Controllers\UsuarioController.php(36): view('ususarios/show', [...])
 4 SYSTEMPATH\CodeIgniter.php(933): App\Controllers\UsuarioController->show('1')
 5 SYSTEMPATH\CodeIgniter.php(509): CodeIgniter\CodeIgniter->runController(Object(App\Controllers\UsuarioController))
 6 SYSTEMPATH\CodeIgniter.php(355): CodeIgniter\CodeIgniter->handleRequest(null, Object(Config\Cache), false)
 7 SYSTEMPATH\Boot.php(325): CodeIgniter\CodeIgniter->run()
 8 SYSTEMPATH\Boot.php(67): CodeIgniter\Boot::runCodeIgniter(Object(CodeIgniter\CodeIgniter))
 9 FCPATH\index.php(56): CodeIgniter\Boot::bootWeb(Object(Config\Paths))
CRITICAL - 2024-11-20 15:40:07 --> CodeIgniter\View\Exceptions\ViewException: Invalid file: "ususarios/show.php"
[Method: GET, Route: usuarios/1]
in SYSTEMPATH\Exceptions\FrameworkException.php on line 41.
 1 SYSTEMPATH\View\View.php(222): CodeIgniter\Exceptions\FrameworkException::forInvalidFile('ususarios/show.php')
 2 SYSTEMPATH\Common.php(1171): CodeIgniter\View\View->render('ususarios/show', [], true)
 3 APPPATH\Controllers\UsuarioController.php(36): view('ususarios/show', [...])
 4 SYSTEMPATH\CodeIgniter.php(933): App\Controllers\UsuarioController->show('1')
 5 SYSTEMPATH\CodeIgniter.php(509): CodeIgniter\CodeIgniter->runController(Object(App\Controllers\UsuarioController))
 6 SYSTEMPATH\CodeIgniter.php(355): CodeIgniter\CodeIgniter->handleRequest(null, Object(Config\Cache), false)
 7 SYSTEMPATH\Boot.php(325): CodeIgniter\CodeIgniter->run()
 8 SYSTEMPATH\Boot.php(67): CodeIgniter\Boot::runCodeIgniter(Object(CodeIgniter\CodeIgniter))
 9 FCPATH\index.php(56): CodeIgniter\Boot::bootWeb(Object(Config\Paths))
CRITICAL - 2024-11-20 15:42:27 --> CodeIgniter\View\Exceptions\ViewException: Invalid file: "ususarios/show.php"
[Method: GET, Route: usuarios/8]
in SYSTEMPATH\Exceptions\FrameworkException.php on line 41.
 1 SYSTEMPATH\View\View.php(222): CodeIgniter\Exceptions\FrameworkException::forInvalidFile('ususarios/show.php')
 2 SYSTEMPATH\Common.php(1171): CodeIgniter\View\View->render('ususarios/show', [], true)
 3 APPPATH\Controllers\UsuarioController.php(36): view('ususarios/show', [...])
 4 SYSTEMPATH\CodeIgniter.php(933): App\Controllers\UsuarioController->show('8')
 5 SYSTEMPATH\CodeIgniter.php(509): CodeIgniter\CodeIgniter->runController(Object(App\Controllers\UsuarioController))
 6 SYSTEMPATH\CodeIgniter.php(355): CodeIgniter\CodeIgniter->handleRequest(null, Object(Config\Cache), false)
 7 SYSTEMPATH\Boot.php(325): CodeIgniter\CodeIgniter->run()
 8 SYSTEMPATH\Boot.php(67): CodeIgniter\Boot::runCodeIgniter(Object(CodeIgniter\CodeIgniter))
 9 FCPATH\index.php(56): CodeIgniter\Boot::bootWeb(Object(Config\Paths))
CRITICAL - 2024-11-20 15:44:28 --> CodeIgniter\View\Exceptions\ViewException: Invalid file: "ususarios/show.php"
[Method: GET, Route: usuarios/8]
in SYSTEMPATH\Exceptions\FrameworkException.php on line 41.
 1 SYSTEMPATH\View\View.php(222): CodeIgniter\Exceptions\FrameworkException::forInvalidFile('ususarios/show.php')
 2 SYSTEMPATH\Common.php(1171): CodeIgniter\View\View->render('ususarios/show', [], true)
 3 APPPATH\Controllers\UsuarioController.php(36): view('ususarios/show', [...])
 4 SYSTEMPATH\CodeIgniter.php(933): App\Controllers\UsuarioController->show('8')
 5 SYSTEMPATH\CodeIgniter.php(509): CodeIgniter\CodeIgniter->runController(Object(App\Controllers\UsuarioController))
 6 SYSTEMPATH\CodeIgniter.php(355): CodeIgniter\CodeIgniter->handleRequest(null, Object(Config\Cache), false)
 7 SYSTEMPATH\Boot.php(325): CodeIgniter\CodeIgniter->run()
 8 SYSTEMPATH\Boot.php(67): CodeIgniter\Boot::runCodeIgniter(Object(CodeIgniter\CodeIgniter))
 9 FCPATH\index.php(56): CodeIgniter\Boot::bootWeb(Object(Config\Paths))
CRITICAL - 2024-11-20 15:44:52 --> CodeIgniter\View\Exceptions\ViewException: Invalid file: "ususarios/show.php"
[Method: GET, Route: usuarios/3]
in SYSTEMPATH\Exceptions\FrameworkException.php on line 41.
 1 SYSTEMPATH\View\View.php(222): CodeIgniter\Exceptions\FrameworkException::forInvalidFile('ususarios/show.php')
 2 SYSTEMPATH\Common.php(1171): CodeIgniter\View\View->render('ususarios/show', [], true)
 3 APPPATH\Controllers\UsuarioController.php(36): view('ususarios/show', [...])
 4 SYSTEMPATH\CodeIgniter.php(933): App\Controllers\UsuarioController->show('3')
 5 SYSTEMPATH\CodeIgniter.php(509): CodeIgniter\CodeIgniter->runController(Object(App\Controllers\UsuarioController))
 6 SYSTEMPATH\CodeIgniter.php(355): CodeIgniter\CodeIgniter->handleRequest(null, Object(Config\Cache), false)
 7 SYSTEMPATH\Boot.php(325): CodeIgniter\CodeIgniter->run()
 8 SYSTEMPATH\Boot.php(67): CodeIgniter\Boot::runCodeIgniter(Object(CodeIgniter\CodeIgniter))
 9 FCPATH\index.php(56): CodeIgniter\Boot::bootWeb(Object(Config\Paths))
CRITICAL - 2024-11-20 15:50:22 --> ErrorException: Trying to access array offset on value of type null
[Method: GET, Route: usuarios/3]
in APPPATH\Views\usuarios\show.php on line 12.
 1 APPPATH\Views\usuarios\show.php(12): CodeIgniter\Debug\Exceptions->errorHandler(2, 'Trying to access array offset on value of type null', 'C:\\laragon\\www\\fotobook\\app\\Views\\usuarios\\show.php', 12)
 2 SYSTEMPATH\View\View.php(234): include('C:\\laragon\\www\\fotobook\\app\\Views\\usuarios\\show.php')
 3 SYSTEMPATH\View\View.php(237): CodeIgniter\View\View->CodeIgniter\View\{closure}()
 4 SYSTEMPATH\Common.php(1171): CodeIgniter\View\View->render('usuarios/show', [], true)
 5 APPPATH\Controllers\UsuarioController.php(36): view('usuarios/show', [...])
 6 SYSTEMPATH\CodeIgniter.php(933): App\Controllers\UsuarioController->show('3')
 7 SYSTEMPATH\CodeIgniter.php(509): CodeIgniter\CodeIgniter->runController(Object(App\Controllers\UsuarioController))
 8 SYSTEMPATH\CodeIgniter.php(355): CodeIgniter\CodeIgniter->handleRequest(null, Object(Config\Cache), false)
 9 SYSTEMPATH\Boot.php(325): CodeIgniter\CodeIgniter->run()
10 SYSTEMPATH\Boot.php(67): CodeIgniter\Boot::runCodeIgniter(Object(CodeIgniter\CodeIgniter))
11 FCPATH\index.php(56): CodeIgniter\Boot::bootWeb(Object(Config\Paths))
