CRITICAL - 2024-11-04 15:47:29 --> ErrorException: Undefined variable $usuario
[Method: GET, Route: usuarios]
in APPPATH\Controllers\UsuarioController.php on line 22.
 1 APPPATH\Controllers\UsuarioController.php(22): CodeIgniter\Debug\Exceptions->errorHandler(2, 'Undefined variable $usuario', 'C:\\laragon\\www\\fotobook\\app\\Controllers\\UsuarioController.php', 22)
 2 SYSTEMPATH\CodeIgniter.php(933): App\Controllers\UsuarioController->index()
 3 SYSTEMPATH\CodeIgniter.php(509): CodeIgniter\CodeIgniter->runController(Object(App\Controllers\UsuarioController))
 4 SYSTEMPATH\CodeIgniter.php(355): CodeIgniter\CodeIgniter->handleRequest(null, Object(Config\Cache), false)
 5 SYSTEMPATH\Boot.php(325): CodeIgniter\CodeIgniter->run()
 6 SYSTEMPATH\Boot.php(67): CodeIgniter\Boot::runCodeIgniter(Object(CodeIgniter\CodeIgniter))
 7 FCPATH\index.php(56): CodeIgniter\Boot::bootWeb(Object(Config\Paths))
CRITICAL - 2024-11-04 15:47:35 --> ErrorException: Undefined variable $usuario
[Method: GET, Route: usuarios]
in APPPATH\Controllers\UsuarioController.php on line 22.
 1 APPPATH\Controllers\UsuarioController.php(22): CodeIgniter\Debug\Exceptions->errorHandler(2, 'Undefined variable $usuario', 'C:\\laragon\\www\\fotobook\\app\\Controllers\\UsuarioController.php', 22)
 2 SYSTEMPATH\CodeIgniter.php(933): App\Controllers\UsuarioController->index()
 3 SYSTEMPATH\CodeIgniter.php(509): CodeIgniter\CodeIgniter->runController(Object(App\Controllers\UsuarioController))
 4 SYSTEMPATH\CodeIgniter.php(355): CodeIgniter\CodeIgniter->handleRequest(null, Object(Config\Cache), false)
 5 SYSTEMPATH\Boot.php(325): CodeIgniter\CodeIgniter->run()
 6 SYSTEMPATH\Boot.php(67): CodeIgniter\Boot::runCodeIgniter(Object(CodeIgniter\CodeIgniter))
 7 FCPATH\index.php(56): CodeIgniter\Boot::bootWeb(Object(Config\Paths))
