INFO - 2024-12-01 08:26:31 --> Session: Class initialized using 'CodeIgniter\Session\Handlers\FileHandler' driver.
ERROR - 2024-12-01 08:45:10 --> mysqli_sql_exception: Cannot add or update a child row: a foreign key constraint fails (`dbhggkubvmugoy`.`categorias`, CONSTRAINT `fk_usuario_id` FOREIGN KEY (`usuarios_id`) REFERENCES `usuarios` (`id`) ON DELETE CASCADE) in C:\laragon\www\fotobook\system\Database\MySQLi\Connection.php:312
Stack trace:
#0 C:\laragon\www\fotobook\system\Database\MySQLi\Connection.php(312): mysqli->query('UPDATE `categor...', 0)
#1 C:\laragon\www\fotobook\system\Database\BaseConnection.php(734): CodeIgniter\Database\MySQLi\Connection->execute('UPDATE `categor...')
#2 C:\laragon\www\fotobook\system\Database\BaseConnection.php(648): CodeIgniter\Database\BaseConnection->simpleQuery('UPDATE `categor...')
#3 C:\laragon\www\fotobook\system\Database\BaseBuilder.php(2516): CodeIgniter\Database\BaseConnection->query('UPDATE `categor...', Array, false)
#4 C:\laragon\www\fotobook\system\Model.php(461): CodeIgniter\Database\BaseBuilder->update()
#5 C:\laragon\www\fotobook\system\BaseModel.php(1028): CodeIgniter\Model->doUpdate(Array, Array)
#6 C:\laragon\www\fotobook\system\Model.php(865): CodeIgniter\BaseModel->update(Array, Array)
#7 C:\laragon\www\fotobook\app\Controllers\CategoriaController.php(61): CodeIgniter\Model->update('4', Array)
#8 C:\laragon\www\fotobook\system\CodeIgniter.php(933): App\Controllers\CategoriaController->update('4')
#9 C:\laragon\www\fotobook\system\CodeIgniter.php(509): CodeIgniter\CodeIgniter->runController(Object(App\Controllers\CategoriaController))
#10 C:\laragon\www\fotobook\system\CodeIgniter.php(355): CodeIgniter\CodeIgniter->handleRequest(NULL, Object(Config\Cache), false)
#11 C:\laragon\www\fotobook\system\Boot.php(325): CodeIgniter\CodeIgniter->run()
#12 C:\laragon\www\fotobook\system\Boot.php(67): CodeIgniter\Boot::runCodeIgniter(Object(CodeIgniter\CodeIgniter))
#13 C:\laragon\www\fotobook\public\index.php(56): CodeIgniter\Boot::bootWeb(Object(Config\Paths))
#14 {main}
CRITICAL - 2024-12-01 08:45:10 --> CodeIgniter\Database\Exceptions\DatabaseException: Cannot add or update a child row: a foreign key constraint fails (`dbhggkubvmugoy`.`categorias`, CONSTRAINT `fk_usuario_id` FOREIGN KEY (`usuarios_id`) REFERENCES `usuarios` (`id`) ON DELETE CASCADE)
[Method: POST, Route: categorias/4/update]
in SYSTEMPATH\Database\BaseConnection.php on line 688.
 1 SYSTEMPATH\Database\BaseBuilder.php(2516): CodeIgniter\Database\BaseConnection->query('UPDATE `categorias` SET `nombre` = :nombre:, `descripcion` = :descripcion:, `usuarios_id` = :usuarios_id:, `updated_at` = :updated_at:
WHERE `categorias`.`id` IN :categorias.id:', [...], false)
 2 SYSTEMPATH\Model.php(461): CodeIgniter\Database\BaseBuilder->update()
 3 SYSTEMPATH\BaseModel.php(1028): CodeIgniter\Model->doUpdate([...], [...])
 4 SYSTEMPATH\Model.php(865): CodeIgniter\BaseModel->update([...], [...])
 5 APPPATH\Controllers\CategoriaController.php(61): CodeIgniter\Model->update('4', [...])
 6 SYSTEMPATH\CodeIgniter.php(933): App\Controllers\CategoriaController->update('4')
 7 SYSTEMPATH\CodeIgniter.php(509): CodeIgniter\CodeIgniter->runController(Object(App\Controllers\CategoriaController))
 8 SYSTEMPATH\CodeIgniter.php(355): CodeIgniter\CodeIgniter->handleRequest(null, Object(Config\Cache), false)
 9 SYSTEMPATH\Boot.php(325): CodeIgniter\CodeIgniter->run()
10 SYSTEMPATH\Boot.php(67): CodeIgniter\Boot::runCodeIgniter(Object(CodeIgniter\CodeIgniter))
11 FCPATH\index.php(56): CodeIgniter\Boot::bootWeb(Object(Config\Paths))
CRITICAL - 2024-12-01 08:45:10 --> [Caused by] CodeIgniter\Database\Exceptions\DatabaseException: Cannot add or update a child row: a foreign key constraint fails (`dbhggkubvmugoy`.`categorias`, CONSTRAINT `fk_usuario_id` FOREIGN KEY (`usuarios_id`) REFERENCES `usuarios` (`id`) ON DELETE CASCADE)
in SYSTEMPATH\Database\MySQLi\Connection.php on line 317.
 1 SYSTEMPATH\Database\BaseConnection.php(734): CodeIgniter\Database\MySQLi\Connection->execute('UPDATE `categorias` SET `nombre` = \'jajaja\', `descripcion` = \'futbol\', `usuarios_id` = \'3\', `updated_at` = \'2024-12-01 08:45:10\'
WHERE `categorias`.`id` IN (\'4\')')
 2 SYSTEMPATH\Database\BaseConnection.php(648): CodeIgniter\Database\BaseConnection->simpleQuery('UPDATE `categorias` SET `nombre` = \'jajaja\', `descripcion` = \'futbol\', `usuarios_id` = \'3\', `updated_at` = \'2024-12-01 08:45:10\'
WHERE `categorias`.`id` IN (\'4\')')
 3 SYSTEMPATH\Database\BaseBuilder.php(2516): CodeIgniter\Database\BaseConnection->query('UPDATE `categorias` SET `nombre` = :nombre:, `descripcion` = :descripcion:, `usuarios_id` = :usuarios_id:, `updated_at` = :updated_at:
WHERE `categorias`.`id` IN :categorias.id:', [...], false)
 4 SYSTEMPATH\Model.php(461): CodeIgniter\Database\BaseBuilder->update()
 5 SYSTEMPATH\BaseModel.php(1028): CodeIgniter\Model->doUpdate([...], [...])
 6 SYSTEMPATH\Model.php(865): CodeIgniter\BaseModel->update([...], [...])
 7 APPPATH\Controllers\CategoriaController.php(61): CodeIgniter\Model->update('4', [...])
 8 SYSTEMPATH\CodeIgniter.php(933): App\Controllers\CategoriaController->update('4')
 9 SYSTEMPATH\CodeIgniter.php(509): CodeIgniter\CodeIgniter->runController(Object(App\Controllers\CategoriaController))
10 SYSTEMPATH\CodeIgniter.php(355): CodeIgniter\CodeIgniter->handleRequest(null, Object(Config\Cache), false)
11 SYSTEMPATH\Boot.php(325): CodeIgniter\CodeIgniter->run()
12 SYSTEMPATH\Boot.php(67): CodeIgniter\Boot::runCodeIgniter(Object(CodeIgniter\CodeIgniter))
13 FCPATH\index.php(56): CodeIgniter\Boot::bootWeb(Object(Config\Paths))
CRITICAL - 2024-12-01 08:45:10 --> [Caused by] mysqli_sql_exception: Cannot add or update a child row: a foreign key constraint fails (`dbhggkubvmugoy`.`categorias`, CONSTRAINT `fk_usuario_id` FOREIGN KEY (`usuarios_id`) REFERENCES `usuarios` (`id`) ON DELETE CASCADE)
in SYSTEMPATH\Database\MySQLi\Connection.php on line 312.
 1 SYSTEMPATH\Database\MySQLi\Connection.php(312): mysqli->query('UPDATE `categorias` SET `nombre` = \'jajaja\', `descripcion` = \'futbol\', `usuarios_id` = \'3\', `updated_at` = \'2024-12-01 08:45:10\'
WHERE `categorias`.`id` IN (\'4\')', 0)
 2 SYSTEMPATH\Database\BaseConnection.php(734): CodeIgniter\Database\MySQLi\Connection->execute('UPDATE `categorias` SET `nombre` = \'jajaja\', `descripcion` = \'futbol\', `usuarios_id` = \'3\', `updated_at` = \'2024-12-01 08:45:10\'
WHERE `categorias`.`id` IN (\'4\')')
 3 SYSTEMPATH\Database\BaseConnection.php(648): CodeIgniter\Database\BaseConnection->simpleQuery('UPDATE `categorias` SET `nombre` = \'jajaja\', `descripcion` = \'futbol\', `usuarios_id` = \'3\', `updated_at` = \'2024-12-01 08:45:10\'
WHERE `categorias`.`id` IN (\'4\')')
 4 SYSTEMPATH\Database\BaseBuilder.php(2516): CodeIgniter\Database\BaseConnection->query('UPDATE `categorias` SET `nombre` = :nombre:, `descripcion` = :descripcion:, `usuarios_id` = :usuarios_id:, `updated_at` = :updated_at:
WHERE `categorias`.`id` IN :categorias.id:', [...], false)
 5 SYSTEMPATH\Model.php(461): CodeIgniter\Database\BaseBuilder->update()
 6 SYSTEMPATH\BaseModel.php(1028): CodeIgniter\Model->doUpdate([...], [...])
 7 SYSTEMPATH\Model.php(865): CodeIgniter\BaseModel->update([...], [...])
 8 APPPATH\Controllers\CategoriaController.php(61): CodeIgniter\Model->update('4', [...])
 9 SYSTEMPATH\CodeIgniter.php(933): App\Controllers\CategoriaController->update('4')
10 SYSTEMPATH\CodeIgniter.php(509): CodeIgniter\CodeIgniter->runController(Object(App\Controllers\CategoriaController))
11 SYSTEMPATH\CodeIgniter.php(355): CodeIgniter\CodeIgniter->handleRequest(null, Object(Config\Cache), false)
12 SYSTEMPATH\Boot.php(325): CodeIgniter\CodeIgniter->run()
13 SYSTEMPATH\Boot.php(67): CodeIgniter\Boot::runCodeIgniter(Object(CodeIgniter\CodeIgniter))
14 FCPATH\index.php(56): CodeIgniter\Boot::bootWeb(Object(Config\Paths))
INFO - 2024-12-01 08:45:49 --> Session: Class initialized using 'CodeIgniter\Session\Handlers\FileHandler' driver.
ERROR - 2024-12-01 08:50:29 --> mysqli_sql_exception: Cannot add or update a child row: a foreign key constraint fails (`dbhggkubvmugoy`.`categorias`, CONSTRAINT `fk_usuario_id` FOREIGN KEY (`usuarios_id`) REFERENCES `usuarios` (`id`) ON DELETE CASCADE) in C:\laragon\www\fotobook\system\Database\MySQLi\Connection.php:312
Stack trace:
#0 C:\laragon\www\fotobook\system\Database\MySQLi\Connection.php(312): mysqli->query('INSERT INTO `ca...', 0)
#1 C:\laragon\www\fotobook\system\Database\BaseConnection.php(734): CodeIgniter\Database\MySQLi\Connection->execute('INSERT INTO `ca...')
#2 C:\laragon\www\fotobook\system\Database\BaseConnection.php(648): CodeIgniter\Database\BaseConnection->simpleQuery('INSERT INTO `ca...')
#3 C:\laragon\www\fotobook\system\Database\BaseBuilder.php(2340): CodeIgniter\Database\BaseConnection->query('INSERT INTO `ca...', Array, false)
#4 C:\laragon\www\fotobook\system\Model.php(394): CodeIgniter\Database\BaseBuilder->insert()
#5 C:\laragon\www\fotobook\system\BaseModel.php(840): CodeIgniter\Model->doInsert(Array)
#6 C:\laragon\www\fotobook\system\Model.php(802): CodeIgniter\BaseModel->insert(Array, false)
#7 C:\laragon\www\fotobook\system\BaseModel.php(751): CodeIgniter\Model->insert(Array, false)
#8 C:\laragon\www\fotobook\app\Controllers\CategoriaController.php(40): CodeIgniter\BaseModel->save(Array)
#9 C:\laragon\www\fotobook\system\CodeIgniter.php(933): App\Controllers\CategoriaController->store()
#10 C:\laragon\www\fotobook\system\CodeIgniter.php(509): CodeIgniter\CodeIgniter->runController(Object(App\Controllers\CategoriaController))
#11 C:\laragon\www\fotobook\system\CodeIgniter.php(355): CodeIgniter\CodeIgniter->handleRequest(NULL, Object(Config\Cache), false)
#12 C:\laragon\www\fotobook\system\Boot.php(325): CodeIgniter\CodeIgniter->run()
#13 C:\laragon\www\fotobook\system\Boot.php(67): CodeIgniter\Boot::runCodeIgniter(Object(CodeIgniter\CodeIgniter))
#14 C:\laragon\www\fotobook\public\index.php(56): CodeIgniter\Boot::bootWeb(Object(Config\Paths))
#15 {main}
CRITICAL - 2024-12-01 08:50:29 --> CodeIgniter\Database\Exceptions\DatabaseException: Cannot add or update a child row: a foreign key constraint fails (`dbhggkubvmugoy`.`categorias`, CONSTRAINT `fk_usuario_id` FOREIGN KEY (`usuarios_id`) REFERENCES `usuarios` (`id`) ON DELETE CASCADE)
[Method: POST, Route: categorias/store]
in SYSTEMPATH\Database\BaseConnection.php on line 688.
 1 SYSTEMPATH\Database\BaseBuilder.php(2340): CodeIgniter\Database\BaseConnection->query('INSERT INTO `categorias` (`nombre`, `descripcion`, `usuarios_id`, `created_at`, `updated_at`) VALUES (:nombre:, :descripcion:, :usuarios_id:, :created_at:, :updated_at:)', [...], false)
 2 SYSTEMPATH\Model.php(394): CodeIgniter\Database\BaseBuilder->insert()
 3 SYSTEMPATH\BaseModel.php(840): CodeIgniter\Model->doInsert([...])
 4 SYSTEMPATH\Model.php(802): CodeIgniter\BaseModel->insert([...], false)
 5 SYSTEMPATH\BaseModel.php(751): CodeIgniter\Model->insert([...], false)
 6 APPPATH\Controllers\CategoriaController.php(40): CodeIgniter\BaseModel->save([...])
 7 SYSTEMPATH\CodeIgniter.php(933): App\Controllers\CategoriaController->store()
 8 SYSTEMPATH\CodeIgniter.php(509): CodeIgniter\CodeIgniter->runController(Object(App\Controllers\CategoriaController))
 9 SYSTEMPATH\CodeIgniter.php(355): CodeIgniter\CodeIgniter->handleRequest(null, Object(Config\Cache), false)
10 SYSTEMPATH\Boot.php(325): CodeIgniter\CodeIgniter->run()
11 SYSTEMPATH\Boot.php(67): CodeIgniter\Boot::runCodeIgniter(Object(CodeIgniter\CodeIgniter))
12 FCPATH\index.php(56): CodeIgniter\Boot::bootWeb(Object(Config\Paths))
CRITICAL - 2024-12-01 08:50:29 --> [Caused by] CodeIgniter\Database\Exceptions\DatabaseException: Cannot add or update a child row: a foreign key constraint fails (`dbhggkubvmugoy`.`categorias`, CONSTRAINT `fk_usuario_id` FOREIGN KEY (`usuarios_id`) REFERENCES `usuarios` (`id`) ON DELETE CASCADE)
in SYSTEMPATH\Database\MySQLi\Connection.php on line 317.
 1 SYSTEMPATH\Database\BaseConnection.php(734): CodeIgniter\Database\MySQLi\Connection->execute('INSERT INTO `categorias` (`nombre`, `descripcion`, `usuarios_id`, `created_at`, `updated_at`) VALUES (\'oficial\', \'jala o no jala\', \'10\', \'2024-12-01 08:50:28\', \'2024-12-01 08:50:28\')')
 2 SYSTEMPATH\Database\BaseConnection.php(648): CodeIgniter\Database\BaseConnection->simpleQuery('INSERT INTO `categorias` (`nombre`, `descripcion`, `usuarios_id`, `created_at`, `updated_at`) VALUES (\'oficial\', \'jala o no jala\', \'10\', \'2024-12-01 08:50:28\', \'2024-12-01 08:50:28\')')
 3 SYSTEMPATH\Database\BaseBuilder.php(2340): CodeIgniter\Database\BaseConnection->query('INSERT INTO `categorias` (`nombre`, `descripcion`, `usuarios_id`, `created_at`, `updated_at`) VALUES (:nombre:, :descripcion:, :usuarios_id:, :created_at:, :updated_at:)', [...], false)
 4 SYSTEMPATH\Model.php(394): CodeIgniter\Database\BaseBuilder->insert()
 5 SYSTEMPATH\BaseModel.php(840): CodeIgniter\Model->doInsert([...])
 6 SYSTEMPATH\Model.php(802): CodeIgniter\BaseModel->insert([...], false)
 7 SYSTEMPATH\BaseModel.php(751): CodeIgniter\Model->insert([...], false)
 8 APPPATH\Controllers\CategoriaController.php(40): CodeIgniter\BaseModel->save([...])
 9 SYSTEMPATH\CodeIgniter.php(933): App\Controllers\CategoriaController->store()
10 SYSTEMPATH\CodeIgniter.php(509): CodeIgniter\CodeIgniter->runController(Object(App\Controllers\CategoriaController))
11 SYSTEMPATH\CodeIgniter.php(355): CodeIgniter\CodeIgniter->handleRequest(null, Object(Config\Cache), false)
12 SYSTEMPATH\Boot.php(325): CodeIgniter\CodeIgniter->run()
13 SYSTEMPATH\Boot.php(67): CodeIgniter\Boot::runCodeIgniter(Object(CodeIgniter\CodeIgniter))
14 FCPATH\index.php(56): CodeIgniter\Boot::bootWeb(Object(Config\Paths))
CRITICAL - 2024-12-01 08:50:29 --> [Caused by] mysqli_sql_exception: Cannot add or update a child row: a foreign key constraint fails (`dbhggkubvmugoy`.`categorias`, CONSTRAINT `fk_usuario_id` FOREIGN KEY (`usuarios_id`) REFERENCES `usuarios` (`id`) ON DELETE CASCADE)
in SYSTEMPATH\Database\MySQLi\Connection.php on line 312.
 1 SYSTEMPATH\Database\MySQLi\Connection.php(312): mysqli->query('INSERT INTO `categorias` (`nombre`, `descripcion`, `usuarios_id`, `created_at`, `updated_at`) VALUES (\'oficial\', \'jala o no jala\', \'10\', \'2024-12-01 08:50:28\', \'2024-12-01 08:50:28\')', 0)
 2 SYSTEMPATH\Database\BaseConnection.php(734): CodeIgniter\Database\MySQLi\Connection->execute('INSERT INTO `categorias` (`nombre`, `descripcion`, `usuarios_id`, `created_at`, `updated_at`) VALUES (\'oficial\', \'jala o no jala\', \'10\', \'2024-12-01 08:50:28\', \'2024-12-01 08:50:28\')')
 3 SYSTEMPATH\Database\BaseConnection.php(648): CodeIgniter\Database\BaseConnection->simpleQuery('INSERT INTO `categorias` (`nombre`, `descripcion`, `usuarios_id`, `created_at`, `updated_at`) VALUES (\'oficial\', \'jala o no jala\', \'10\', \'2024-12-01 08:50:28\', \'2024-12-01 08:50:28\')')
 4 SYSTEMPATH\Database\BaseBuilder.php(2340): CodeIgniter\Database\BaseConnection->query('INSERT INTO `categorias` (`nombre`, `descripcion`, `usuarios_id`, `created_at`, `updated_at`) VALUES (:nombre:, :descripcion:, :usuarios_id:, :created_at:, :updated_at:)', [...], false)
 5 SYSTEMPATH\Model.php(394): CodeIgniter\Database\BaseBuilder->insert()
 6 SYSTEMPATH\BaseModel.php(840): CodeIgniter\Model->doInsert([...])
 7 SYSTEMPATH\Model.php(802): CodeIgniter\BaseModel->insert([...], false)
 8 SYSTEMPATH\BaseModel.php(751): CodeIgniter\Model->insert([...], false)
 9 APPPATH\Controllers\CategoriaController.php(40): CodeIgniter\BaseModel->save([...])
10 SYSTEMPATH\CodeIgniter.php(933): App\Controllers\CategoriaController->store()
11 SYSTEMPATH\CodeIgniter.php(509): CodeIgniter\CodeIgniter->runController(Object(App\Controllers\CategoriaController))
12 SYSTEMPATH\CodeIgniter.php(355): CodeIgniter\CodeIgniter->handleRequest(null, Object(Config\Cache), false)
13 SYSTEMPATH\Boot.php(325): CodeIgniter\CodeIgniter->run()
14 SYSTEMPATH\Boot.php(67): CodeIgniter\Boot::runCodeIgniter(Object(CodeIgniter\CodeIgniter))
15 FCPATH\index.php(56): CodeIgniter\Boot::bootWeb(Object(Config\Paths))
