CRITICAL - 2024-10-30 16:04:39 --> ParseError: syntax error, unexpected token "<", expecting end of file
[Method: GET, Route: plantilla]
in APPPATH\Views\plantilla.php on line 40.
 1 SYSTEMPATH\View\View.php(237): CodeIgniter\View\View->CodeIgniter\View\{closure}()
 2 SYSTEMPATH\Common.php(1171): CodeIgniter\View\View->render('plantilla', [], true)
 3 APPPATH\Controllers\Home.php(37): view('plantilla')
 4 SYSTEMPATH\CodeIgniter.php(933): App\Controllers\Home->plantilla()
 5 SYSTEMPATH\CodeIgniter.php(509): CodeIgniter\CodeIgniter->runController(Object(App\Controllers\Home))
 6 SYSTEMPATH\CodeIgniter.php(355): CodeIgniter\CodeIgniter->handleRequest(null, Object(Config\Cache), false)
 7 SYSTEMPATH\Boot.php(325): CodeIgniter\CodeIgniter->run()
 8 SYSTEMPATH\Boot.php(67): CodeIgniter\Boot::runCodeIgniter(Object(CodeIgniter\CodeIgniter))
 9 FCPATH\index.php(56): CodeIgniter\Boot::bootWeb(Object(Config\Paths))
CRITICAL - 2024-10-30 16:05:19 --> ParseError: syntax error, unexpected token "<", expecting end of file
[Method: GET, Route: plantilla]
in APPPATH\Views\plantilla.php on line 42.
 1 SYSTEMPATH\View\View.php(237): CodeIgniter\View\View->CodeIgniter\View\{closure}()
 2 SYSTEMPATH\Common.php(1171): CodeIgniter\View\View->render('plantilla', [], true)
 3 APPPATH\Controllers\Home.php(37): view('plantilla')
 4 SYSTEMPATH\CodeIgniter.php(933): App\Controllers\Home->plantilla()
 5 SYSTEMPATH\CodeIgniter.php(509): CodeIgniter\CodeIgniter->runController(Object(App\Controllers\Home))
 6 SYSTEMPATH\CodeIgniter.php(355): CodeIgniter\CodeIgniter->handleRequest(null, Object(Config\Cache), false)
 7 SYSTEMPATH\Boot.php(325): CodeIgniter\CodeIgniter->run()
 8 SYSTEMPATH\Boot.php(67): CodeIgniter\Boot::runCodeIgniter(Object(CodeIgniter\CodeIgniter))
 9 FCPATH\index.php(56): CodeIgniter\Boot::bootWeb(Object(Config\Paths))
